<?xml version="1.0" encoding="UTF-8"?>
<testng-results ignored="0" total="1" passed="1" failed="0" skipped="0">
  <reporter-output>
  </reporter-output>
  <suite started-at="2020-07-22T18:00:19 IST" name="Default suite" finished-at="2020-07-22T18:00:30 IST" duration-ms="11413">
    <groups>
    </groups>
    <test started-at="2020-07-22T18:00:19 IST" name="Default test" finished-at="2020-07-22T18:00:30 IST" duration-ms="11413">
      <class name="qa.auto.testScript.Test11">
        <test-method is-config="true" signature="SetupEnvAndSmokeTest()[pri:0, instance:qa.auto.testScript.Test11@54c562f7]" started-at="2020-07-22T18:00:12 IST" name="SetupEnvAndSmokeTest" finished-at="2020-07-22T18:00:19 IST" duration-ms="6871" status="PASS">
          <reporter-output>
          </reporter-output>
        </test-method> <!-- SetupEnvAndSmokeTest -->
        <test-method signature="loginTest()[pri:0, instance:qa.auto.testScript.Test11@54c562f7]" started-at="2020-07-22T18:00:19 IST" name="loginTest" finished-at="2020-07-22T18:00:30 IST" duration-ms="11371" status="PASS">
          <reporter-output>
          </reporter-output>
        </test-method> <!-- loginTest -->
      </class> <!-- qa.auto.testScript.Test11 -->
    </test> <!-- Default test -->
  </suite> <!-- Default suite -->
</testng-results>
